app/build/intermediates/manifest_merge_blame_file/debug/manifest-merger-blame-debug-report.txt
1<?xml version="1.0" encoding="utf-8"?>
2<manifest xmlns:android="http://schemas.android.com/apk/res/android"
3    package="com.example.office"
4    android:versionCode="1"
5    android:versionName="1.0" >
6
7    <uses-sdk
8        android:minSdkVersion="21"
8-->src\main\AndroidManifest.xml
9        android:targetSdkVersion="30" />
9-->src\main\AndroidManifest.xml
10
11    <uses-permission android:name="android.permission.INTERNET" />
11-->src\main\AndroidManifest.xml:5:5-67
11-->src\main\AndroidManifest.xml:5:22-64
12    <uses-permission android:name="android.permission.ACCESS_FINE_LOCATION" />
12-->src\main\AndroidManifest.xml:6:5-78
12-->src\main\AndroidManifest.xml:6:22-76
13
14    <application
14-->src\main\AndroidManifest.xml:8:5-43:19
15        android:name="com.example.office.mcontext.Mycontext"
15-->src\main\AndroidManifest.xml:9:9-43
16        android:allowBackup="true"
16-->src\main\AndroidManifest.xml:10:9-35
17        android:appComponentFactory="androidx.core.app.CoreComponentFactory"
17-->[androidx.core:core:1.1.0] AndroidManifest.xml:24:18-86
18        android:debuggable="true"
19        android:hardwareAccelerated="true"
19-->src\main\AndroidManifest.xml:11:9-43
20        android:icon="@mipmap/timg"
20-->src\main\AndroidManifest.xml:12:9-36
21        android:label="@string/app_name"
21-->src\main\AndroidManifest.xml:13:9-41
22        android:roundIcon="@mipmap/ic_launcher_round"
22-->src\main\AndroidManifest.xml:14:9-54
23        android:supportsRtl="true"
23-->src\main\AndroidManifest.xml:15:9-35
24        android:testOnly="false"
24-->src\main\AndroidManifest.xml:16:9-33
25        android:theme="@style/Zhucetheme"
25-->src\main\AndroidManifest.xml:17:9-42
26        android:usesCleartextTraffic="true" >
26-->src\main\AndroidManifest.xml:18:9-44
27        <activity android:name="com.example.office.activity.zoomActivity" />
27-->src\main\AndroidManifest.xml:19:9-68
27-->src\main\AndroidManifest.xml:19:19-56
28        <activity android:name="com.example.office.activity.User_list" />
28-->src\main\AndroidManifest.xml:20:9-56
28-->src\main\AndroidManifest.xml:20:19-53
29
30        <service
30-->src\main\AndroidManifest.xml:22:9-25:39
31            android:name="com.example.office.service.User_service"
31-->src\main\AndroidManifest.xml:23:13-49
32            android:enabled="true"
32-->src\main\AndroidManifest.xml:24:13-35
33            android:exported="true" />
33-->src\main\AndroidManifest.xml:25:13-36
34
35        <activity android:name="com.example.office.activity.Edit_user_data" />
35-->src\main\AndroidManifest.xml:27:9-61
35-->src\main\AndroidManifest.xml:27:19-58
36        <activity android:name="com.example.office.activity.Edit_url" />
36-->src\main\AndroidManifest.xml:28:9-55
36-->src\main\AndroidManifest.xml:28:19-52
37        <activity android:name="com.example.office.activity.Add_url_activity" />
37-->src\main\AndroidManifest.xml:29:9-63
37-->src\main\AndroidManifest.xml:29:19-60
38        <activity android:name="com.example.office.activity.Tiaozhuan" />
38-->src\main\AndroidManifest.xml:30:9-56
38-->src\main\AndroidManifest.xml:30:19-53
39        <activity android:name="com.example.office.activity.Registered" />
39-->src\main\AndroidManifest.xml:31:9-57
39-->src\main\AndroidManifest.xml:31:19-54
40        <activity
40-->src\main\AndroidManifest.xml:32:9-35:50
41            android:name="com.example.office.activity.User_firstpage"
41-->src\main\AndroidManifest.xml:33:13-52
42            android:configChanges="orientation|screenSize|keyboardHidden"
42-->src\main\AndroidManifest.xml:34:13-74
43            android:hardwareAccelerated="true" />
43-->src\main\AndroidManifest.xml:35:13-47
44        <activity android:name="com.example.office.main.MainActivity" >
44-->src\main\AndroidManifest.xml:36:9-42:20
44-->src\main\AndroidManifest.xml:36:19-52
45            <intent-filter>
45-->src\main\AndroidManifest.xml:37:13-41:29
46                <action android:name="android.intent.action.MAIN" />
46-->src\main\AndroidManifest.xml:38:17-69
46-->src\main\AndroidManifest.xml:38:25-66
47
48                <category android:name="android.intent.category.LAUNCHER" />
48-->src\main\AndroidManifest.xml:40:17-77
48-->src\main\AndroidManifest.xml:40:27-74
49            </intent-filter>
50        </activity>
51    </application>
52
53</manifest>